0 silly argv {
0 silly argv   _: [ 'version' ],
0 silly argv   'conventional-commits': true,
0 silly argv   conventionalCommits: true,
0 silly argv   yes: true,
0 silly argv   y: true,
0 silly argv   lernaVersion: '4.0.0',
0 silly argv   '$0': 'node_modules\\lerna\\cli.js'
0 silly argv }
1 notice cli v4.0.0
2 verbose rootPath D:\Projects\practice\lerna-monorepo
3 info current version 0.0.0
4 silly isAnythingCommitted
5 verbose isAnythingCommitted 1
6 silly getCurrentBranch
7 verbose currentBranch master
8 silly remoteBranchExists
9 silly isBehindUpstream
10 silly isBehindUpstream master is behind origin/master by 0 commit(s) and ahead by 1
11 silly hasTags
12 verbose hasTags false
13 info Assuming all packages changed
14 verbose updated server
15 verbose updated web-client
16 verbose git-describe undefined => "60266d6"
17 silly git-describe parsed => {"refCount":"2","sha":"60266d6","isDirty":false}
18 silly fixed for server at D:\Projects\practice\lerna-monorepo\packages\server
19 verbose getChangelogConfig using preset "conventional-changelog-angular"
20 silly npa Result {
20 silly npa   type: 'tag',
20 silly npa   registry: true,
20 silly npa   where: undefined,
20 silly npa   raw: 'conventional-changelog-angular',
20 silly npa   name: 'conventional-changelog-angular',
20 silly npa   escapedName: 'conventional-changelog-angular',
20 silly npa   scope: undefined,
20 silly npa   rawSpec: '',
20 silly npa   saveSpec: null,
20 silly npa   fetchSpec: 'latest',
20 silly npa   gitRange: undefined,
20 silly npa   gitCommittish: undefined,
20 silly npa   hosted: undefined
20 silly npa }
21 verbose getChangelogConfig Attempting to resolve preset "conventional-changelog-angular"
22 info getChangelogConfig Successfully resolved preset "conventional-changelog-angular"
23 verbose fixed increment 1.0.0 by patch
24 silly fixed for web-client at D:\Projects\practice\lerna-monorepo\packages\web-client
25 verbose fixed increment 1.0.1 by patch
26 info auto-confirmed
27 info execute Skipping releases
28 silly lifecycle No script for "preversion" in "root", continuing
29 silly lifecycle No script for "preversion" in "server", continuing
30 silly lifecycle No script for "preversion" in "web-client", continuing
31 silly lifecycle No script for "version" in "server", continuing
32 silly fixed for server at D:\Projects\practice\lerna-monorepo\packages\server
33 silly lifecycle No script for "version" in "web-client", continuing
34 silly fixed for web-client at D:\Projects\practice\lerna-monorepo\packages\web-client
35 silly fixed writing new entry: "## 1.0.2 (2022-01-14)\n\n**Note:** Version bump only for package server\n\n\n\n"
36 silly fixed writing new entry: "## 1.0.2 (2022-01-14)\n\n**Note:** Version bump only for package web-client\n\n\n\n"
37 verbose fixed wrote D:\Projects\practice\lerna-monorepo\packages\server\CHANGELOG.md
38 verbose fixed wrote D:\Projects\practice\lerna-monorepo\packages\web-client\CHANGELOG.md
39 silly root for root at D:\Projects\practice\lerna-monorepo
40 silly root writing new entry: "## 1.0.2 (2022-01-14)\n\n**Note:** Version bump only for package root\n\n\n\n"
41 verbose root wrote D:\Projects\practice\lerna-monorepo\CHANGELOG.md
42 silly lifecycle No script for "version" in "root", continuing
43 silly gitAdd [
43 silly gitAdd   'packages/server/package.json',
43 silly gitAdd   'packages/server/package-lock.json',
43 silly gitAdd   'packages/web-client/package.json',
43 silly gitAdd   'packages/web-client/package-lock.json',
43 silly gitAdd   'packages/server/CHANGELOG.md',
43 silly gitAdd   'packages/web-client/CHANGELOG.md',
43 silly gitAdd   'CHANGELOG.md',
43 silly gitAdd   'lerna.json'
43 silly gitAdd ]
44 error Error: Command failed with exit code 128: git add -- packages/server/package.json packages/server/package-lock.json packages/web-client/package.json packages/web-client/package-lock.json packages/server/CHANGELOG.md packages/web-client/CHANGELOG.md CHANGELOG.md lerna.json
44 error fatal: Pathspec 'packages/web-client/package.json' is in submodule 'packages/web-client'
44 error     at makeError (D:\Projects\practice\lerna-monorepo\node_modules\execa\lib\error.js:60:11)
44 error     at handlePromise (D:\Projects\practice\lerna-monorepo\node_modules\execa\index.js:118:26)
44 error     at processTicksAndRejections (node:internal/process/task_queues:96:5)
44 error     at async Promise.all (index 0)
